<?xml version="1.0" encoding="UTF-8"?>
<testng-results skipped="0" failed="2" total="3" passed="1">
  <reporter-output>
  </reporter-output>
  <suite name="Default suite" duration-ms="35471" started-at="2017-06-27T10:18:34Z" finished-at="2017-06-27T10:19:09Z">
    <groups>
    </groups>
    <test name="Default test" duration-ms="35471" started-at="2017-06-27T10:18:34Z" finished-at="2017-06-27T10:19:09Z">
      <class name="exam.MRinkevicius.ProductAvailabilityTest">
        <test-method status="PASS" signature="prepareForTest(java.lang.String)[pri:0, instance:exam.MRinkevicius.ProductAvailabilityTest@6256ac4f]" name="prepareForTest" is-config="true" duration-ms="7184" started-at="2017-06-27T13:18:34Z" finished-at="2017-06-27T13:18:41Z">
          <params>
            <param index="0">
              <value>
                <![CDATA[Firefox]]>
              </value>
            </param>
          </params>
          <reporter-output>
          </reporter-output>
        </test-method> <!-- prepareForTest -->
        <test-method status="FAIL" signature="testIfAllProductsAreAvailable(java.lang.String)[pri:0, instance:exam.MRinkevicius.ProductAvailabilityTest@6256ac4f]" name="testIfAllProductsAreAvailable" duration-ms="8539" started-at="2017-06-27T13:18:41Z" data-provider="ProductCategoriesDataProviderA" finished-at="2017-06-27T13:18:50Z">
          <params>
            <param index="0">
              <value>
                <![CDATA[Laptops & Notebooks]]>
              </value>
            </param>
          </params>
          <exception class="java.lang.AssertionError">
            <message>
              <![CDATA[Some products in Category Laptops & Notebooks is not available expected [true] but found [false]]]>
            </message>
            <full-stacktrace>
              <![CDATA[java.lang.AssertionError: Some products in Category Laptops & Notebooks is not available expected [true] but found [false]
	at org.testng.Assert.fail(Assert.java:94)
	at org.testng.Assert.failNotEquals(Assert.java:494)
	at org.testng.Assert.assertTrue(Assert.java:42)
	at exam.MRinkevicius.ProductAvailabilityTest.testIfAllProductsAreAvailable(ProductAvailabilityTest.java:61)
	at sun.reflect.NativeMethodAccessorImpl.invoke0(Native Method)
	at sun.reflect.NativeMethodAccessorImpl.invoke(NativeMethodAccessorImpl.java:62)
	at sun.reflect.DelegatingMethodAccessorImpl.invoke(DelegatingMethodAccessorImpl.java:43)
	at java.lang.reflect.Method.invoke(Method.java:498)
	at org.testng.internal.MethodInvocationHelper.invokeMethod(MethodInvocationHelper.java:80)
	at org.testng.internal.Invoker.invokeMethod(Invoker.java:714)
	at org.testng.internal.Invoker.invokeTestMethod(Invoker.java:901)
	at org.testng.internal.Invoker.invokeTestMethods(Invoker.java:1231)
	at org.testng.internal.TestMethodWorker.invokeTestMethods(TestMethodWorker.java:127)
	at org.testng.internal.TestMethodWorker.run(TestMethodWorker.java:111)
	at org.testng.TestRunner.privateRun(TestRunner.java:767)
	at org.testng.TestRunner.run(TestRunner.java:617)
	at org.testng.SuiteRunner.runTest(SuiteRunner.java:334)
	at org.testng.SuiteRunner.runSequentially(SuiteRunner.java:329)
	at org.testng.SuiteRunner.privateRun(SuiteRunner.java:291)
	at org.testng.SuiteRunner.run(SuiteRunner.java:240)
	at org.testng.SuiteRunnerWorker.runSuite(SuiteRunnerWorker.java:52)
	at org.testng.SuiteRunnerWorker.run(SuiteRunnerWorker.java:86)
	at org.testng.TestNG.runSuitesSequentially(TestNG.java:1198)
	at org.testng.TestNG.runSuitesLocally(TestNG.java:1123)
	at org.testng.TestNG.run(TestNG.java:1031)
	at org.testng.remote.AbstractRemoteTestNG.run(AbstractRemoteTestNG.java:132)
	at org.testng.remote.RemoteTestNG.initAndRun(RemoteTestNG.java:230)
	at org.testng.remote.RemoteTestNG.main(RemoteTestNG.java:76)
]]>
            </full-stacktrace>
          </exception> <!-- java.lang.AssertionError -->
          <reporter-output>
          </reporter-output>
        </test-method> <!-- testIfAllProductsAreAvailable -->
        <test-method status="PASS" signature="closeBrowser()[pri:0, instance:exam.MRinkevicius.ProductAvailabilityTest@6256ac4f]" name="closeBrowser" is-config="true" duration-ms="11" started-at="2017-06-27T13:18:50Z" finished-at="2017-06-27T13:18:50Z">
          <reporter-output>
          </reporter-output>
        </test-method> <!-- closeBrowser -->
        <test-method status="PASS" signature="prepareForTest(java.lang.String)[pri:0, instance:exam.MRinkevicius.ProductAvailabilityTest@6256ac4f]" name="prepareForTest" is-config="true" duration-ms="5791" started-at="2017-06-27T13:18:50Z" finished-at="2017-06-27T13:18:56Z">
          <params>
            <param index="0">
              <value>
                <![CDATA[Firefox]]>
              </value>
            </param>
          </params>
          <reporter-output>
          </reporter-output>
        </test-method> <!-- prepareForTest -->
        <test-method status="FAIL" signature="testIfAllProductsAreAvailable(java.lang.String)[pri:0, instance:exam.MRinkevicius.ProductAvailabilityTest@6256ac4f]" name="testIfAllProductsAreAvailable" duration-ms="2615" started-at="2017-06-27T13:18:56Z" data-provider="ProductCategoriesDataProviderA" finished-at="2017-06-27T13:18:58Z">
          <params>
            <param index="0">
              <value>
                <![CDATA[Tablets]]>
              </value>
            </param>
          </params>
          <exception class="java.lang.AssertionError">
            <message>
              <![CDATA[Some products in Category Tablets is not available expected [true] but found [false]]]>
            </message>
            <full-stacktrace>
              <![CDATA[java.lang.AssertionError: Some products in Category Tablets is not available expected [true] but found [false]
	at org.testng.Assert.fail(Assert.java:94)
	at org.testng.Assert.failNotEquals(Assert.java:494)
	at org.testng.Assert.assertTrue(Assert.java:42)
	at exam.MRinkevicius.ProductAvailabilityTest.testIfAllProductsAreAvailable(ProductAvailabilityTest.java:61)
	at sun.reflect.NativeMethodAccessorImpl.invoke0(Native Method)
	at sun.reflect.NativeMethodAccessorImpl.invoke(NativeMethodAccessorImpl.java:62)
	at sun.reflect.DelegatingMethodAccessorImpl.invoke(DelegatingMethodAccessorImpl.java:43)
	at java.lang.reflect.Method.invoke(Method.java:498)
	at org.testng.internal.MethodInvocationHelper.invokeMethod(MethodInvocationHelper.java:80)
	at org.testng.internal.Invoker.invokeMethod(Invoker.java:714)
	at org.testng.internal.Invoker.invokeTestMethod(Invoker.java:901)
	at org.testng.internal.Invoker.invokeTestMethods(Invoker.java:1231)
	at org.testng.internal.TestMethodWorker.invokeTestMethods(TestMethodWorker.java:127)
	at org.testng.internal.TestMethodWorker.run(TestMethodWorker.java:111)
	at org.testng.TestRunner.privateRun(TestRunner.java:767)
	at org.testng.TestRunner.run(TestRunner.java:617)
	at org.testng.SuiteRunner.runTest(SuiteRunner.java:334)
	at org.testng.SuiteRunner.runSequentially(SuiteRunner.java:329)
	at org.testng.SuiteRunner.privateRun(SuiteRunner.java:291)
	at org.testng.SuiteRunner.run(SuiteRunner.java:240)
	at org.testng.SuiteRunnerWorker.runSuite(SuiteRunnerWorker.java:52)
	at org.testng.SuiteRunnerWorker.run(SuiteRunnerWorker.java:86)
	at org.testng.TestNG.runSuitesSequentially(TestNG.java:1198)
	at org.testng.TestNG.runSuitesLocally(TestNG.java:1123)
	at org.testng.TestNG.run(TestNG.java:1031)
	at org.testng.remote.AbstractRemoteTestNG.run(AbstractRemoteTestNG.java:132)
	at org.testng.remote.RemoteTestNG.initAndRun(RemoteTestNG.java:230)
	at org.testng.remote.RemoteTestNG.main(RemoteTestNG.java:76)
]]>
            </full-stacktrace>
          </exception> <!-- java.lang.AssertionError -->
          <reporter-output>
          </reporter-output>
        </test-method> <!-- testIfAllProductsAreAvailable -->
        <test-method status="PASS" signature="closeBrowser()[pri:0, instance:exam.MRinkevicius.ProductAvailabilityTest@6256ac4f]" name="closeBrowser" is-config="true" duration-ms="10" started-at="2017-06-27T13:18:58Z" finished-at="2017-06-27T13:18:58Z">
          <reporter-output>
          </reporter-output>
        </test-method> <!-- closeBrowser -->
        <test-method status="PASS" signature="prepareForTest(java.lang.String)[pri:0, instance:exam.MRinkevicius.ProductAvailabilityTest@6256ac4f]" name="prepareForTest" is-config="true" duration-ms="6181" started-at="2017-06-27T13:18:58Z" finished-at="2017-06-27T13:19:04Z">
          <params>
            <param index="0">
              <value>
                <![CDATA[Firefox]]>
              </value>
            </param>
          </params>
          <reporter-output>
          </reporter-output>
        </test-method> <!-- prepareForTest -->
        <test-method status="PASS" signature="testIfAllProductsAreAvailable(java.lang.String)[pri:0, instance:exam.MRinkevicius.ProductAvailabilityTest@6256ac4f]" name="testIfAllProductsAreAvailable" duration-ms="5089" started-at="2017-06-27T13:19:04Z" data-provider="ProductCategoriesDataProviderA" finished-at="2017-06-27T13:19:09Z">
          <params>
            <param index="0">
              <value>
                <![CDATA[Phones & PDAs]]>
              </value>
            </param>
          </params>
          <reporter-output>
          </reporter-output>
        </test-method> <!-- testIfAllProductsAreAvailable -->
        <test-method status="PASS" signature="closeBrowser()[pri:0, instance:exam.MRinkevicius.ProductAvailabilityTest@6256ac4f]" name="closeBrowser" is-config="true" duration-ms="8" started-at="2017-06-27T13:19:09Z" finished-at="2017-06-27T13:19:09Z">
          <reporter-output>
          </reporter-output>
        </test-method> <!-- closeBrowser -->
      </class> <!-- exam.MRinkevicius.ProductAvailabilityTest -->
    </test> <!-- Default test -->
  </suite> <!-- Default suite -->
</testng-results>
